Initializing ... 
Initializing constant array ... 
Initializing derivative array ... 
Allocating memory for data array ... 
Initializing data array ... 
Initializing block matrix ... 
Establishing initial conditions for spiral wave ... 
b1: 486, b2: 559, middley: 512 
**********************************************************

Model parameters: 
                 tfinal (msec): 100.00
                     dt (msec): 0.0125
                        Nsteps:    8000.00
                       Lx (cm): 10.00
                       dx (cm): 0.0098
                            Nx: 1024
                       Ly (cm): 10.00
                       dy (cm): 0.0098
                            Ny: 1024
        dt/[dx*dy] (msec/cm^2): 131.0720

                msec per write: 1.000
              Nsteps per write: 80
Spatial rate for write (nodes): 1
              datafile dx (cm): 0.0098
              datafile dy (cm): 0.0098
         datafile Nx (columns): 1024
            datafile Ny (rows): 1024

        Nsteps per user update: 400
              msec user update: 5.000
   Monitor this node [mNx,mNy]: 512, 512


BR Constants: 
    gK1 (mmho/cm^2): 0.350
    gNa (mmho/cm^2): 15.000
           ENa (mV): 40.000
    gx1 (mmho/cm^2): 0.800
     gs (mmho/cm^2): 0.090
       Cm (uF/cm^2): 1.000
      kCa (msec^-1): 0.070
   gNaC (mmho/cm^2): 0.000
  Dpara (cm^2/msec): 0.000760
Dperpen (cm^2/msec): 0.000380
    theta (degrees): 33.000
   sigma (unitless): 0.600
       A (unitless): 1.000


Mesh Ratios: 
(dx*dy)/dt [0.00763 (cm^2/msec)] should be greater than 4*Dpara [0.00304 (cm^2/msec)].
(dx*dy)/dt [0.00763 (cm^2/msec)] should be greater than 4*Dperpen [0.00152 (cm^2/msec)].


Diffusion Tensor: 
 D11 (cm^2/msec): 0.000647
 D12 (cm^2/msec): 0.000174
 D21 (cm^2/msec): 0.000174
 D22 (cm^2/msec): 0.000493


Laplacian Multipliers: 
 Dp11 (msec^-1): 6.7872
 Dp12 (msec^-1): 0.9100
 Dp21 (msec^-1): 0.9100
 Dp22 (msec^-1): 5.1665

 Af=0
 Initializing the A field as a homogenous distribution, A=1.000 

Initial conditions set for spiral wave.

Block information: 
       icewidth (cm): 0.2500 
       icbwidth (cm): 0.4500 
    iclengthact (cm): 8.5000 
  iclengthblock (cm): 9.2500 
          icewidthn : 27 
          icbwidthn : 47 
       iclengthactn : 870 
     iclengthblockn : 947 
       blocktimenum : 1 
   blocktimes (msec): 65.00 


Initial Conditions: 
        Vm (mV): -20.000
  IK1 (uA/cm^2): 0.000
  Ix1 (uA/cm^2): 0.000
  x1 (unitless): 0.009
  INa (uA/cm^2): 0.000
   m (unitless): 1.000
   h (unitless): 0.947
   Is (uA/cm^2): 0.000
   d (unitless): 0.004
   f (unitless): 1.000
   Cai (mole/L): 2.000e-07

End conditions: Slab


Variables to save to disk: 
    Vm
**********************************************************
Opening files ... 
Writing initial conditions ... 
Entering time loop ... 
5.0000e+00 msec, Vm(512,512): -10.81 mV
1.0000e+01 msec, Vm(512,512): -25.59 mV
1.5000e+01 msec, Vm(512,512): -34.69 mV
2.0000e+01 msec, Vm(512,512): -41.68 mV
2.5000e+01 msec, Vm(512,512): -47.55 mV
3.0000e+01 msec, Vm(512,512): -52.78 mV
3.5000e+01 msec, Vm(512,512): -57.59 mV
4.0000e+01 msec, Vm(512,512): -62.05 mV
4.5000e+01 msec, Vm(512,512): -66.19 mV
5.0000e+01 msec, Vm(512,512): -69.98 mV
5.5000e+01 msec, Vm(512,512): -73.37 mV
6.0000e+01 msec, Vm(512,512): -76.32 mV
Changing block conditions: 65.000 msec 
6.5000e+01 msec, Vm(512,512): -78.83 mV
7.0000e+01 msec, Vm(512,512): -80.84 mV
7.5000e+01 msec, Vm(512,512): -82.47 mV
8.0000e+01 msec, Vm(512,512): -83.74 mV
8.5000e+01 msec, Vm(512,512): -84.69 mV
9.0000e+01 msec, Vm(512,512): -85.39 mV
9.5000e+01 msec, Vm(512,512): -85.88 mV
1.0000e+02 msec, Vm(512,512): -86.21 mV
CPU time is 11368.96

Simulation Finished!
Saving final conditions...

         tfinal: 100.000 msec
     Final time: 100.000 msec
         Nsteps:    8000.00
Number of steps: 8000
             Nx: 1024
             Ny: 1024
